2025-03-02 14:21:25,592 INFO    Thread-2 (_run_job):568723 [wandb_setup.py:_flush():67] Current SDK version is 0.19.7
2025-03-02 14:21:25,592 INFO    Thread-2 (_run_job):568723 [wandb_setup.py:_flush():67] Configure stats pid to 568723
2025-03-02 14:21:25,592 INFO    Thread-2 (_run_job):568723 [wandb_setup.py:_flush():67] Loading settings from /home/j/.config/wandb/settings
2025-03-02 14:21:25,592 INFO    Thread-2 (_run_job):568723 [wandb_setup.py:_flush():67] Loading settings from /home/j/Projects/sae-inverse-embeddings/wandb/settings
2025-03-02 14:21:25,592 INFO    Thread-2 (_run_job):568723 [wandb_setup.py:_flush():67] Loading settings from environment variables
2025-03-02 14:21:25,592 INFO    Thread-2 (_run_job):568723 [wandb_init.py:setup_run_log_directory():647] Logging user logs to /home/j/Projects/sae-inverse-embeddings/wandb/run-20250302_142125-spca9djb/logs/debug.log
2025-03-02 14:21:25,593 INFO    Thread-2 (_run_job):568723 [wandb_init.py:setup_run_log_directory():648] Logging internal logs to /home/j/Projects/sae-inverse-embeddings/wandb/run-20250302_142125-spca9djb/logs/debug-internal.log
2025-03-02 14:21:25,593 INFO    Thread-2 (_run_job):568723 [wandb_init.py:init():761] calling init triggers
2025-03-02 14:21:25,593 INFO    Thread-2 (_run_job):568723 [wandb_init.py:init():766] wandb.init called with sweep_config: {'activation_threshold': 0.069348877513316, 'clustering_method': 'dbscan', 'dbscan_min_samples': 1, 'entropy_threshold_high': 5.861583684985641, 'entropy_threshold_low': 0.23765100912533052, 'eps_max': 4.7258215762181575, 'eps_min': 0.2555312555407688, 'eps_steps': 30, 'hdbscan_cluster_selection_epsilon': 0.16385316700459107, 'hdbscan_metric': 'manhattan', 'hdbscan_min_cluster_size': 5, 'hdbscan_min_samples': 5, 'max_prompt_length': 50, 'min_prompt_length': 20, 'n_prompts': 30, 'sparsity_max': 0.9053075739530192, 'sparsity_min': 0.06821212275040243, 'umap_metric': 'euclidean', 'umap_min_dist': 0.1, 'umap_n_components': 25, 'umap_n_neighbors': 5, 'use_pipeline': True, 'use_umap_preprocessing': True}
config: {'_wandb': {}}
2025-03-02 14:21:25,593 INFO    Thread-2 (_run_job):568723 [wandb_init.py:init():784] starting backend
2025-03-02 14:21:25,593 INFO    Thread-2 (_run_job):568723 [wandb_init.py:init():788] sending inform_init request
2025-03-02 14:21:25,601 INFO    Thread-2 (_run_job):568723 [backend.py:_multiprocessing_setup():97] multiprocessing start_methods=fork,spawn,forkserver, using: spawn
2025-03-02 14:21:25,601 INFO    Thread-2 (_run_job):568723 [wandb_init.py:init():803] backend started and connected
2025-03-02 14:21:25,602 INFO    Thread-2 (_run_job):568723 [wandb_run.py:_config_callback():1261] config_cb None None {'activation_threshold': 0.069348877513316, 'clustering_method': 'dbscan', 'dbscan_min_samples': 1, 'entropy_threshold_high': 5.861583684985641, 'entropy_threshold_low': 0.23765100912533052, 'eps_max': 4.7258215762181575, 'eps_min': 0.2555312555407688, 'eps_steps': 30, 'hdbscan_cluster_selection_epsilon': 0.16385316700459107, 'hdbscan_metric': 'manhattan', 'hdbscan_min_cluster_size': 5, 'hdbscan_min_samples': 5, 'max_prompt_length': 50, 'min_prompt_length': 20, 'n_prompts': 30, 'sparsity_max': 0.9053075739530192, 'sparsity_min': 0.06821212275040243, 'umap_metric': 'euclidean', 'umap_min_dist': 0.1, 'umap_n_components': 25, 'umap_n_neighbors': 5, 'use_pipeline': True, 'use_umap_preprocessing': True}
2025-03-02 14:21:25,602 INFO    Thread-2 (_run_job):568723 [wandb_init.py:init():896] updated telemetry
2025-03-02 14:21:25,605 INFO    Thread-2 (_run_job):568723 [wandb_init.py:init():920] communicating run to backend with 90.0 second timeout
2025-03-02 14:21:25,870 INFO    Thread-2 (_run_job):568723 [wandb_init.py:init():995] starting run threads in backend
2025-03-02 14:21:25,963 INFO    Thread-2 (_run_job):568723 [wandb_run.py:_console_start():2377] atexit reg
2025-03-02 14:21:25,963 INFO    Thread-2 (_run_job):568723 [wandb_run.py:_redirect():2227] redirect: wrap_raw
2025-03-02 14:21:25,963 INFO    Thread-2 (_run_job):568723 [wandb_run.py:_redirect():2292] Wrapping output streams.
2025-03-02 14:21:25,963 INFO    Thread-2 (_run_job):568723 [wandb_run.py:_redirect():2317] Redirects installed.
2025-03-02 14:21:25,964 INFO    Thread-2 (_run_job):568723 [wandb_init.py:init():1037] run started, returning control to user process
2025-03-02 14:21:34,292 WARNING MsgRouterThr:568723 [router.py:message_loop():77] message_loop has been closed
Traceback (most recent call last):
  File "/home/j/.local/lib/python3.10/site-packages/wandb/sdk/interface/router_sock.py", line 28, in _read_message
    resp = self._sock_client.read_server_response(timeout=1)
  File "/home/j/.local/lib/python3.10/site-packages/wandb/sdk/lib/sock_client.py", line 285, in read_server_response
    data = self._read_packet_bytes(timeout=timeout)
  File "/home/j/.local/lib/python3.10/site-packages/wandb/sdk/lib/sock_client.py", line 270, in _read_packet_bytes
    raise SockClientClosedError
wandb.sdk.lib.sock_client.SockClientClosedError

The above exception was the direct cause of the following exception:

Traceback (most recent call last):
  File "/home/j/.local/lib/python3.10/site-packages/wandb/sdk/interface/router.py", line 70, in message_loop
    msg = self._read_message()
  File "/home/j/.local/lib/python3.10/site-packages/wandb/sdk/interface/router_sock.py", line 30, in _read_message
    raise MessageRouterClosedError from e
wandb.sdk.interface.router.MessageRouterClosedError
2025-03-02 14:21:34,293 INFO    MsgRouterThr:568723 [mailbox.py:close():115] Closing mailbox, abandoning 1 handles.
