2025-03-02 14:20:33,000 INFO    Thread-19 (_run_job):563586 [wandb_setup.py:_flush():67] Current SDK version is 0.19.7
2025-03-02 14:20:33,000 INFO    Thread-19 (_run_job):563586 [wandb_setup.py:_flush():67] Configure stats pid to 563586
2025-03-02 14:20:33,000 INFO    Thread-19 (_run_job):563586 [wandb_setup.py:_flush():67] Loading settings from /home/j/.config/wandb/settings
2025-03-02 14:20:33,000 INFO    Thread-19 (_run_job):563586 [wandb_setup.py:_flush():67] Loading settings from /home/j/Projects/sae-inverse-embeddings/wandb/settings
2025-03-02 14:20:33,000 INFO    Thread-19 (_run_job):563586 [wandb_setup.py:_flush():67] Loading settings from environment variables
2025-03-02 14:20:33,001 INFO    Thread-19 (_run_job):563586 [wandb_init.py:setup_run_log_directory():647] Logging user logs to /home/j/Projects/sae-inverse-embeddings/wandb/run-20250302_142032-15s8kuxw/logs/debug.log
2025-03-02 14:20:33,001 INFO    Thread-19 (_run_job):563586 [wandb_init.py:setup_run_log_directory():648] Logging internal logs to /home/j/Projects/sae-inverse-embeddings/wandb/run-20250302_142032-15s8kuxw/logs/debug-internal.log
2025-03-02 14:20:33,001 INFO    Thread-19 (_run_job):563586 [wandb_init.py:init():761] calling init triggers
2025-03-02 14:20:33,001 INFO    Thread-19 (_run_job):563586 [wandb_init.py:init():766] wandb.init called with sweep_config: {'activation_threshold': 0.15230864714876757, 'clustering_method': 'dbscan', 'dbscan_min_samples': 2, 'entropy_threshold_high': 6.663001849145182, 'entropy_threshold_low': 0.4062131735890489, 'eps_max': 5.084317265983074, 'eps_min': 0.1578228142393273, 'eps_steps': 30, 'hdbscan_cluster_selection_epsilon': 0.4161698338598987, 'hdbscan_metric': 'manhattan', 'hdbscan_min_cluster_size': 5, 'hdbscan_min_samples': 5, 'max_prompt_length': 50, 'min_prompt_length': 10, 'n_prompts': 100, 'sparsity_max': 0.8222294318288125, 'sparsity_min': 0.15480285599955945, 'umap_metric': 'cosine', 'umap_min_dist': 0.1, 'umap_n_components': 100, 'umap_n_neighbors': 30, 'use_pipeline': True, 'use_umap_preprocessing': True}
config: {'_wandb': {}}
2025-03-02 14:20:33,001 INFO    Thread-19 (_run_job):563586 [wandb_init.py:init():784] starting backend
2025-03-02 14:20:33,001 INFO    Thread-19 (_run_job):563586 [wandb_init.py:init():788] sending inform_init request
2025-03-02 14:20:33,001 INFO    Thread-19 (_run_job):563586 [backend.py:_multiprocessing_setup():97] multiprocessing start_methods=fork,spawn,forkserver, using: spawn
2025-03-02 14:20:33,001 INFO    Thread-19 (_run_job):563586 [wandb_init.py:init():803] backend started and connected
2025-03-02 14:20:33,002 INFO    Thread-19 (_run_job):563586 [wandb_run.py:_config_callback():1261] config_cb None None {'activation_threshold': 0.15230864714876757, 'clustering_method': 'dbscan', 'dbscan_min_samples': 2, 'entropy_threshold_high': 6.663001849145182, 'entropy_threshold_low': 0.4062131735890489, 'eps_max': 5.084317265983074, 'eps_min': 0.1578228142393273, 'eps_steps': 30, 'hdbscan_cluster_selection_epsilon': 0.4161698338598987, 'hdbscan_metric': 'manhattan', 'hdbscan_min_cluster_size': 5, 'hdbscan_min_samples': 5, 'max_prompt_length': 50, 'min_prompt_length': 10, 'n_prompts': 100, 'sparsity_max': 0.8222294318288125, 'sparsity_min': 0.15480285599955945, 'umap_metric': 'cosine', 'umap_min_dist': 0.1, 'umap_n_components': 100, 'umap_n_neighbors': 30, 'use_pipeline': True, 'use_umap_preprocessing': True}
2025-03-02 14:20:33,003 INFO    Thread-19 (_run_job):563586 [wandb_init.py:init():896] updated telemetry
2025-03-02 14:20:33,006 INFO    Thread-19 (_run_job):563586 [wandb_init.py:init():920] communicating run to backend with 90.0 second timeout
2025-03-02 14:20:33,242 INFO    Thread-19 (_run_job):563586 [wandb_init.py:init():995] starting run threads in backend
2025-03-02 14:20:33,336 INFO    Thread-19 (_run_job):563586 [wandb_run.py:_console_start():2377] atexit reg
2025-03-02 14:20:33,336 INFO    Thread-19 (_run_job):563586 [wandb_run.py:_redirect():2227] redirect: wrap_raw
2025-03-02 14:20:33,336 INFO    Thread-19 (_run_job):563586 [wandb_run.py:_redirect():2292] Wrapping output streams.
2025-03-02 14:20:33,336 INFO    Thread-19 (_run_job):563586 [wandb_run.py:_redirect():2317] Redirects installed.
2025-03-02 14:20:33,337 INFO    Thread-19 (_run_job):563586 [wandb_init.py:init():1037] run started, returning control to user process
2025-03-02 14:20:58,867 INFO    Thread-19 (_run_job):563586 [wandb_run.py:_finish():2112] finishing run thajpo/sae-clustering-sweep/15s8kuxw
2025-03-02 14:20:58,867 INFO    Thread-19 (_run_job):563586 [wandb_run.py:_atexit_cleanup():2342] got exitcode: 0
2025-03-02 14:20:58,867 INFO    Thread-19 (_run_job):563586 [wandb_run.py:_restore():2324] restore
2025-03-02 14:20:58,867 INFO    Thread-19 (_run_job):563586 [wandb_run.py:_restore():2330] restore done
2025-03-02 14:20:59,415 WARNING MsgRouterThr:563586 [router.py:message_loop():77] message_loop has been closed
Traceback (most recent call last):
  File "/home/j/.local/lib/python3.10/site-packages/wandb/sdk/interface/router_sock.py", line 28, in _read_message
    resp = self._sock_client.read_server_response(timeout=1)
  File "/home/j/.local/lib/python3.10/site-packages/wandb/sdk/lib/sock_client.py", line 285, in read_server_response
    data = self._read_packet_bytes(timeout=timeout)
  File "/home/j/.local/lib/python3.10/site-packages/wandb/sdk/lib/sock_client.py", line 270, in _read_packet_bytes
    raise SockClientClosedError
wandb.sdk.lib.sock_client.SockClientClosedError

The above exception was the direct cause of the following exception:

Traceback (most recent call last):
  File "/home/j/.local/lib/python3.10/site-packages/wandb/sdk/interface/router.py", line 70, in message_loop
    msg = self._read_message()
  File "/home/j/.local/lib/python3.10/site-packages/wandb/sdk/interface/router_sock.py", line 30, in _read_message
    raise MessageRouterClosedError from e
wandb.sdk.interface.router.MessageRouterClosedError
2025-03-02 14:20:59,416 INFO    MsgRouterThr:563586 [mailbox.py:close():115] Closing mailbox, abandoning 1 handles.
2025-03-02 14:20:59,416 INFO    Thread-19 (_run_job):563586 [wandb_run.py:_footer_history_summary_info():3958] rendering history
2025-03-02 14:20:59,416 INFO    Thread-19 (_run_job):563586 [wandb_run.py:_footer_history_summary_info():3990] rendering summary
2025-03-02 14:20:59,417 INFO    Thread-19 (_run_job):563586 [wandb_run.py:_footer_sync_info():3919] logging synced files
